<?xml version="1.0" encoding="UTF-8"?>
<!-- Generated by org.testng.reporters.JUnitReportReporter -->
<testsuite skipped="0" hostname="ip-172-31-36-46" name="intelli.intelli.App" tests="1" failures="0" timestamp="2020-01-09T13:09:54 UTC" time="4.458" errors="0">
  <testcase name="hello" time="4.458" classname="intelli.intelli.App"/>
</testsuite> <!-- intelli.intelli.App -->
